Start testing: Apr 05 16:41 EEST
----------------------------------------------------------
1/2 Testing: point_test
1/2 Test: point_test
Command: "/Users/georgios.vassos1/mySnake/build/point_test"
Directory: /Users/georgios.vassos1/mySnake/build
"point_test" start time: Apr 05 16:41 EEST
Output:
----------------------------------------------------------
|---> Point a
|---> x = 1, y = 2
|---> Point b
|---> x = 3, y = 4
|------------------------------|
|---> Point a after moveDown
|---> x = 2, y = 2
|---> Point a after moveRight
|---> x = 2, y = 3
|---> Point a after moveUp
|---> x = 1, y = 3
|---> Point a after moveLeft (back to original)
|---> x = 1, y = 2
<end of output>
Test time =   0.27 sec
----------------------------------------------------------
Test Passed.
"point_test" end time: Apr 05 16:41 EEST
"point_test" time elapsed: 00:00:00
----------------------------------------------------------

2/2 Testing: list_test
2/2 Test: list_test
Command: "/Users/georgios.vassos1/mySnake/build/list_test"
Directory: /Users/georgios.vassos1/mySnake/build
"list_test" start time: Apr 05 16:41 EEST
Output:
----------------------------------------------------------
|---> x = 1, y = 1
|---> x = 1, y = 2
|---> x = 2, y = 2
|---> x = 2, y = 1
*************
|---> x = 1, y = 1
|---> x = 1, y = 2
|---> x = 2, y = 2
*************
<end of output>
Test time =   0.27 sec
----------------------------------------------------------
Test Passed.
"list_test" end time: Apr 05 16:41 EEST
"list_test" time elapsed: 00:00:00
----------------------------------------------------------

End testing: Apr 05 16:41 EEST
